run_dir=/home/nami/repo/gpt_analysis/project/Random-Selection/results/lr_search/simclr/cifar100_batch_1024_lr_0p15
dataset=cifar100
device=cuda
amp=True
epoch=1 train_loss=7.3705 val_loss=7.2310 lr=0.058605 best_val_loss=7.2310 early_stop_wait=0
epoch=2 train_loss=7.0175 val_loss=6.9221 lr=0.118605 best_val_loss=6.9221 early_stop_wait=0
epoch=3 train_loss=6.8426 val_loss=6.7915 lr=0.178605 best_val_loss=6.7915 early_stop_wait=0
epoch=4 train_loss=6.7413 val_loss=6.6998 lr=0.238605 best_val_loss=6.6998 early_stop_wait=0
epoch=5 train_loss=6.6833 val_loss=6.6615 lr=0.298605 best_val_loss=6.6615 early_stop_wait=0
epoch=6 train_loss=6.6370 val_loss=6.6291 lr=0.358605 best_val_loss=6.6291 early_stop_wait=0
epoch=7 train_loss=6.6020 val_loss=6.6112 lr=0.418605 best_val_loss=6.6112 early_stop_wait=0
epoch=8 train_loss=6.5723 val_loss=6.6218 lr=0.478605 best_val_loss=6.6112 early_stop_wait=1
epoch=9 train_loss=6.5519 val_loss=6.6707 lr=0.538605 best_val_loss=6.6112 early_stop_wait=2
epoch=10 train_loss=6.5210 val_loss=6.5436 lr=0.598605 best_val_loss=6.5436 early_stop_wait=0
epoch=11 train_loss=6.4989 val_loss=6.5921 lr=0.596484 best_val_loss=6.5436 early_stop_wait=1
epoch=12 train_loss=6.4738 val_loss=6.5458 lr=0.585687 best_val_loss=6.5436 early_stop_wait=2
epoch=13 train_loss=6.4510 val_loss=6.4916 lr=0.567871 best_val_loss=6.4916 early_stop_wait=0
epoch=14 train_loss=6.4324 val_loss=6.5151 lr=0.543475 best_val_loss=6.4916 early_stop_wait=1
epoch=15 train_loss=6.4075 val_loss=6.4171 lr=0.513097 best_val_loss=6.4171 early_stop_wait=0
epoch=16 train_loss=6.3877 val_loss=6.4048 lr=0.477485 best_val_loss=6.4048 early_stop_wait=0
epoch=17 train_loss=6.3710 val_loss=6.3947 lr=0.437512 best_val_loss=6.3947 early_stop_wait=0
epoch=18 train_loss=6.3618 val_loss=6.3876 lr=0.394161 best_val_loss=6.3876 early_stop_wait=0
epoch=19 train_loss=6.3498 val_loss=6.3686 lr=0.348497 best_val_loss=6.3686 early_stop_wait=0
epoch=20 train_loss=6.3396 val_loss=6.3570 lr=0.301642 best_val_loss=6.3570 early_stop_wait=0
epoch=21 train_loss=6.3347 val_loss=6.3499 lr=0.254746 best_val_loss=6.3499 early_stop_wait=0
epoch=22 train_loss=6.3236 val_loss=6.3352 lr=0.208962 best_val_loss=6.3352 early_stop_wait=0
epoch=23 train_loss=6.3176 val_loss=6.3216 lr=0.165415 best_val_loss=6.3216 early_stop_wait=0
epoch=24 train_loss=6.3137 val_loss=6.3210 lr=0.125173 best_val_loss=6.3210 early_stop_wait=0
epoch=25 train_loss=6.3069 val_loss=6.3012 lr=0.089227 best_val_loss=6.3012 early_stop_wait=0
epoch=26 train_loss=6.3059 val_loss=6.3124 lr=0.058458 best_val_loss=6.3012 early_stop_wait=1
epoch=27 train_loss=6.3036 val_loss=6.3162 lr=0.033623 best_val_loss=6.3012 early_stop_wait=2
epoch=28 train_loss=6.3043 val_loss=6.3097 lr=0.015333 best_val_loss=6.3012 early_stop_wait=3
epoch=29 train_loss=6.2996 val_loss=6.2956 lr=0.004035 best_val_loss=6.2956 early_stop_wait=0
epoch=30 train_loss=6.2961 val_loss=6.2953 lr=0.000008 best_val_loss=6.2956 early_stop_wait=1
