run_dir=/home/nami/repo/gpt_analysis/project/Random-Selection/results/lr_search/simclr/cifar100_batch_1024_lr_1
dataset=cifar100
device=cuda
amp=True
epoch=1 train_loss=7.1749 val_loss=7.0517 lr=0.390698 best_val_loss=7.0517 early_stop_wait=0
epoch=2 train_loss=6.7731 val_loss=6.8438 lr=0.790698 best_val_loss=6.8438 early_stop_wait=0
epoch=3 train_loss=6.6569 val_loss=6.7518 lr=1.190698 best_val_loss=6.7518 early_stop_wait=0
epoch=4 train_loss=6.5816 val_loss=6.6240 lr=1.590698 best_val_loss=6.6240 early_stop_wait=0
epoch=5 train_loss=6.5340 val_loss=6.5988 lr=1.990698 best_val_loss=6.5988 early_stop_wait=0
epoch=6 train_loss=6.4820 val_loss=6.6588 lr=2.390698 best_val_loss=6.5988 early_stop_wait=1
epoch=7 train_loss=6.4375 val_loss=6.7495 lr=2.790698 best_val_loss=6.5988 early_stop_wait=2
epoch=8 train_loss=6.4004 val_loss=6.6452 lr=3.190698 best_val_loss=6.5988 early_stop_wait=3
epoch=9 train_loss=6.3782 val_loss=6.6058 lr=3.590698 best_val_loss=6.5988 early_stop_wait=4
epoch=10 train_loss=6.3547 val_loss=6.5016 lr=3.990698 best_val_loss=6.5016 early_stop_wait=0
epoch=11 train_loss=6.3372 val_loss=6.4200 lr=3.976561 best_val_loss=6.4200 early_stop_wait=0
epoch=12 train_loss=6.3150 val_loss=6.4703 lr=3.904578 best_val_loss=6.4200 early_stop_wait=1
epoch=13 train_loss=6.2955 val_loss=6.4270 lr=3.785807 best_val_loss=6.4200 early_stop_wait=2
epoch=14 train_loss=6.2824 val_loss=6.3612 lr=3.623166 best_val_loss=6.3612 early_stop_wait=0
epoch=15 train_loss=6.2675 val_loss=6.3758 lr=3.420649 best_val_loss=6.3612 early_stop_wait=1
epoch=16 train_loss=6.2537 val_loss=6.3372 lr=3.183232 best_val_loss=6.3372 early_stop_wait=0
epoch=17 train_loss=6.2436 val_loss=6.3247 lr=2.916748 best_val_loss=6.3247 early_stop_wait=0
epoch=18 train_loss=6.2346 val_loss=6.2723 lr=2.627742 best_val_loss=6.2723 early_stop_wait=0
epoch=19 train_loss=6.2237 val_loss=6.2726 lr=2.323316 best_val_loss=6.2723 early_stop_wait=1
epoch=20 train_loss=6.2168 val_loss=6.2627 lr=2.010946 best_val_loss=6.2627 early_stop_wait=0
epoch=21 train_loss=6.2095 val_loss=6.2274 lr=1.698308 best_val_loss=6.2274 early_stop_wait=0
epoch=22 train_loss=6.1983 val_loss=6.2192 lr=1.393081 best_val_loss=6.2192 early_stop_wait=0
epoch=23 train_loss=6.1904 val_loss=6.2054 lr=1.102764 best_val_loss=6.2054 early_stop_wait=0
epoch=24 train_loss=6.1850 val_loss=6.1968 lr=0.834489 best_val_loss=6.1968 early_stop_wait=0
epoch=25 train_loss=6.1778 val_loss=6.1795 lr=0.594845 best_val_loss=6.1795 early_stop_wait=0
epoch=26 train_loss=6.1747 val_loss=6.1834 lr=0.389722 best_val_loss=6.1795 early_stop_wait=1
epoch=27 train_loss=6.1705 val_loss=6.1880 lr=0.224157 best_val_loss=6.1795 early_stop_wait=2
epoch=28 train_loss=6.1693 val_loss=6.1730 lr=0.102217 best_val_loss=6.1730 early_stop_wait=0
epoch=29 train_loss=6.1644 val_loss=6.1649 lr=0.026899 best_val_loss=6.1649 early_stop_wait=0
epoch=30 train_loss=6.1588 val_loss=6.1655 lr=0.000053 best_val_loss=6.1649 early_stop_wait=1
train_loss_stop epoch=30 best_epoch=25 best_train_loss=6.1778
